
===========================================================================
report_checks -unconstrained
===========================================================================
======================= Typical Corner ===================================

Startpoint: wb_rst_i (input port clocked by clk)
Endpoint: mprj/_32666_ (recovery check against rising-edge clock clk)
Path Group: asynchronous
Path Type: max

Fanout     Cap    Slew   Delay    Time   Description
-----------------------------------------------------------------------------
                          0.00    0.00   clock clk (rise edge)
                          6.00    6.00   clock network delay (propagated)
                          6.00   12.00 v input external delay
                  0.44    0.00   12.00 v wb_rst_i (in)
     1    0.01                           wb_rst_i (net)
                  0.44    0.00   12.00 v mprj/hold248/A (sky130_fd_sc_hd__dlygate4sd3_1)
                  0.05    0.75   12.75 v mprj/hold248/X (sky130_fd_sc_hd__dlygate4sd3_1)
     1    0.00                           mprj/net1600 (net)
                  0.05    0.00   12.75 v mprj/hold724/A (sky130_fd_sc_hd__clkdlybuf4s25_1)
                  0.09    0.30   13.05 v mprj/hold724/X (sky130_fd_sc_hd__clkdlybuf4s25_1)
     1    0.01                           mprj/net2052 (net)
                  0.09    0.00   13.05 v mprj/input1/A (sky130_fd_sc_hd__buf_12)
                  0.09    0.20   13.26 v mprj/input1/X (sky130_fd_sc_hd__buf_12)
     6    0.16                           mprj/net1 (net)
                  0.09    0.02   13.27 v mprj/fanout1328/A (sky130_fd_sc_hd__clkbuf_16)
                  0.17    0.28   13.55 v mprj/fanout1328/X (sky130_fd_sc_hd__clkbuf_16)
    16    0.26                           mprj/net1328 (net)
                  0.18    0.03   13.58 v mprj/fanout1292/A (sky130_fd_sc_hd__buf_6)
                  0.11    0.26   13.84 v mprj/fanout1292/X (sky130_fd_sc_hd__buf_6)
    16    0.12                           mprj/net1292 (net)
                  0.12    0.02   13.86 v mprj/fanout1291/A (sky130_fd_sc_hd__clkbuf_8)
                  0.12    0.26   14.12 v mprj/fanout1291/X (sky130_fd_sc_hd__clkbuf_8)
    16    0.11                           mprj/net1291 (net)
                  0.12    0.01   14.12 v mprj/fanout1290/A (sky130_fd_sc_hd__buf_6)
                  0.11    0.23   14.35 v mprj/fanout1290/X (sky130_fd_sc_hd__buf_6)
    18    0.12                           mprj/net1290 (net)
                  0.11    0.00   14.36 v mprj/fanout1287/A (sky130_fd_sc_hd__clkbuf_8)
                  0.10    0.24   14.60 v mprj/fanout1287/X (sky130_fd_sc_hd__clkbuf_8)
    20    0.09                           mprj/net1287 (net)
                  0.10    0.00   14.60 v mprj/fanout1286/A (sky130_fd_sc_hd__buf_8)
                  0.08    0.20   14.81 v mprj/fanout1286/X (sky130_fd_sc_hd__buf_8)
    16    0.10                           mprj/net1286 (net)
                  0.08    0.01   14.81 v mprj/_29671_/A (sky130_fd_sc_hd__inv_2)
                  0.04    0.06   14.88 ^ mprj/_29671_/Y (sky130_fd_sc_hd__inv_2)
     1    0.00                           mprj/_01826_ (net)
                  0.04    0.00   14.88 ^ mprj/_32666_/RESET_B (sky130_fd_sc_hd__dfrtp_1)
                                 14.88   data arrival time

                         25.00   25.00   clock clk (rise edge)
                          4.50   29.50   clock source latency
                  0.60    0.00   29.50 ^ wb_clk_i (in)
     1    0.14                           wb_clk_i (net)
                  0.65    0.02   29.52 ^ mprj/clkbuf_0_wb_clk_i/A (sky130_fd_sc_hd__clkbuf_16)
                  0.22    0.38   29.90 ^ mprj/clkbuf_0_wb_clk_i/X (sky130_fd_sc_hd__clkbuf_16)
     8    0.20                           mprj/clknet_0_wb_clk_i (net)
                  0.22    0.01   29.91 ^ mprj/clkbuf_2_3_0_wb_clk_i/A (sky130_fd_sc_hd__clkbuf_8)
                  0.38    0.40   30.32 ^ mprj/clkbuf_2_3_0_wb_clk_i/X (sky130_fd_sc_hd__clkbuf_8)
    16    0.22                           mprj/clknet_2_3_0_wb_clk_i (net)
                  0.38    0.01   30.33 ^ mprj/clkbuf_5_27__f_wb_clk_i/A (sky130_fd_sc_hd__clkbuf_16)
                  0.21    0.33   30.66 ^ mprj/clkbuf_5_27__f_wb_clk_i/X (sky130_fd_sc_hd__clkbuf_16)
    28    0.20                           mprj/clknet_5_27__leaf_wb_clk_i (net)
                  0.21    0.01   30.67 ^ mprj/clkbuf_leaf_214_wb_clk_i/A (sky130_fd_sc_hd__clkbuf_16)
                  0.05    0.17   30.84 ^ mprj/clkbuf_leaf_214_wb_clk_i/X (sky130_fd_sc_hd__clkbuf_16)
     6    0.02                           mprj/clknet_leaf_214_wb_clk_i (net)
                  0.05    0.00   30.84 ^ mprj/_32666_/CLK (sky130_fd_sc_hd__dfrtp_1)
                         -0.10   30.74   clock uncertainty
                          0.00   30.74   clock reconvergence pessimism
                          0.23   30.98   library recovery time
                                 30.98   data required time
-----------------------------------------------------------------------------
                                 30.98   data required time
                                -14.88   data arrival time
-----------------------------------------------------------------------------
                                 16.10   slack (MET)


Startpoint: wbs_adr_i[4] (input port clocked by clk)
Endpoint: wbs_dat_o[29] (output port clocked by clk)
Path Group: clk
Path Type: max

Fanout     Cap    Slew   Delay    Time   Description
-----------------------------------------------------------------------------
                          0.00    0.00   clock clk (rise edge)
                          6.00    6.00   clock network delay (propagated)
                          6.00   12.00 v input external delay
                  0.44    0.00   12.00 v wbs_adr_i[4] (in)
     1    0.02                           wbs_adr_i[4] (net)
                  0.44    0.00   12.00 v mprj/hold384/A (sky130_fd_sc_hd__dlygate4sd3_1)
                  0.05    0.75   12.75 v mprj/hold384/X (sky130_fd_sc_hd__dlygate4sd3_1)
     1    0.00                           mprj/net1917 (net)
                  0.05    0.00   12.75 v mprj/hold53/A (sky130_fd_sc_hd__dlygate4sd3_1)
                  0.06    0.60   13.35 v mprj/hold53/X (sky130_fd_sc_hd__dlygate4sd3_1)
     1    0.00                           mprj/net1381 (net)
                  0.06    0.00   13.35 v mprj/input4/A (sky130_fd_sc_hd__buf_1)
                  0.08    0.14   13.49 v mprj/input4/X (sky130_fd_sc_hd__buf_1)
     2    0.01                           mprj/net4 (net)
                  0.08    0.00   13.49 v mprj/hold54/A (sky130_fd_sc_hd__buf_2)
                  0.09    0.20   13.69 v mprj/hold54/X (sky130_fd_sc_hd__buf_2)
     5    0.03                           mprj/net1382 (net)
                  0.09    0.00   13.69 v mprj/_15427_/A (sky130_fd_sc_hd__or2_2)
                  0.11    0.39   14.09 v mprj/_15427_/X (sky130_fd_sc_hd__or2_2)
     4    0.02                           mprj/_14843_ (net)
                  0.11    0.00   14.09 v mprj/hold62/A (sky130_fd_sc_hd__dlygate4sd3_1)
                  0.09    0.65   14.74 v mprj/hold62/X (sky130_fd_sc_hd__dlygate4sd3_1)
     3    0.01                           mprj/net1390 (net)
                  0.09    0.00   14.74 v mprj/_15428_/C (sky130_fd_sc_hd__nor3_1)
                  0.23    0.22   14.96 ^ mprj/_15428_/Y (sky130_fd_sc_hd__nor3_1)
     2    0.01                           mprj/_14844_ (net)
                  0.23    0.00   14.96 ^ mprj/_27762_/C (sky130_fd_sc_hd__and3_4)
                  0.32    0.45   15.41 ^ mprj/_27762_/X (sky130_fd_sc_hd__and3_4)
     8    0.11                           mprj/_14702_ (net)
                  0.32    0.00   15.41 ^ mprj/fanout692/A (sky130_fd_sc_hd__clkbuf_8)
                  0.25    0.38   15.79 ^ mprj/fanout692/X (sky130_fd_sc_hd__clkbuf_8)
    32    0.14                           mprj/net692 (net)
                  0.25    0.00   15.79 ^ mprj/_27774_/A (sky130_fd_sc_hd__nand2_2)
                  0.14    0.14   15.93 v mprj/_27774_/Y (sky130_fd_sc_hd__nand2_2)
     3    0.02                           mprj/_14712_ (net)
                  0.14    0.00   15.93 v mprj/_27785_/B1 (sky130_fd_sc_hd__o31a_4)
                  0.13    0.24   16.17 v mprj/_27785_/X (sky130_fd_sc_hd__o31a_4)
     8    0.07                           mprj/_14720_ (net)
                  0.13    0.00   16.17 v mprj/_27786_/B1 (sky130_fd_sc_hd__o21a_4)
                  0.15    0.27   16.44 v mprj/_27786_/X (sky130_fd_sc_hd__o21a_4)
     8    0.10                           mprj/_14721_ (net)
                  0.15    0.01   16.45 v mprj/_27852_/B1 (sky130_fd_sc_hd__a21oi_4)
                  0.30    0.32   16.77 ^ mprj/_27852_/Y (sky130_fd_sc_hd__a21oi_4)
     2    0.04                           mprj/net67 (net)
                  0.30    0.00   16.77 ^ mprj/output67/A (sky130_fd_sc_hd__buf_12)
                  0.21    0.28   17.05 ^ mprj/output67/X (sky130_fd_sc_hd__buf_12)
     1    0.18                           wbs_dat_o[29] (net)
                  0.22    0.03   17.08 ^ wbs_dat_o[29] (out)
                                 17.08   data arrival time

                         25.00   25.00   clock clk (rise edge)
                          4.50   29.50   clock network delay (propagated)
                         -0.10   29.40   clock uncertainty
                          0.00   29.40   clock reconvergence pessimism
                         -6.00   23.40   output external delay
                                 23.40   data required time
-----------------------------------------------------------------------------
                                 23.40   data required time
                                -17.08   data arrival time
-----------------------------------------------------------------------------
                                  6.32   slack (MET)




===========================================================================
report_checks --slack_max -0.01
============================================================================
======================= Typical Corner ===================================

No paths found.


===========================================================================
 report_check_types -max_slew -max_cap -max_fanout -violators
============================================================================
======================= Typical Corner ===================================

max fanout

Pin                                   Limit Fanout  Slack
---------------------------------------------------------
mprj/clkbuf_5_14__f_wb_clk_i/X           20     34    -14 (VIOLATED)
mprj/_16637_/X                           20     32    -12 (VIOLATED)
mprj/_16644_/X                           20     32    -12 (VIOLATED)
mprj/_16682_/X                           20     32    -12 (VIOLATED)
mprj/_17207_/X                           20     32    -12 (VIOLATED)
mprj/_17233_/X                           20     32    -12 (VIOLATED)
mprj/_17246_/X                           20     32    -12 (VIOLATED)
mprj/_17252_/X                           20     32    -12 (VIOLATED)
mprj/_17283_/X                           20     32    -12 (VIOLATED)
mprj/_17940_/X                           20     32    -12 (VIOLATED)
mprj/_17964_/X                           20     32    -12 (VIOLATED)
mprj/_22399_/Y                           20     32    -12 (VIOLATED)
mprj/_23333_/Y                           20     32    -12 (VIOLATED)
mprj/_25071_/X                           20     32    -12 (VIOLATED)
mprj/_25076_/X                           20     32    -12 (VIOLATED)
mprj/_25112_/Y                           20     32    -12 (VIOLATED)
mprj/_27764_/Y                           20     32    -12 (VIOLATED)
mprj/clkbuf_5_12__f_wb_clk_i/X           20     32    -12 (VIOLATED)
mprj/clkbuf_5_15__f_wb_clk_i/X           20     32    -12 (VIOLATED)
mprj/clkbuf_5_4__f_wb_clk_i/X            20     32    -12 (VIOLATED)
mprj/fanout1001/X                        20     32    -12 (VIOLATED)
mprj/fanout1002/X                        20     32    -12 (VIOLATED)
mprj/fanout1004/X                        20     32    -12 (VIOLATED)
mprj/fanout1006/X                        20     32    -12 (VIOLATED)
mprj/fanout101/X                         20     32    -12 (VIOLATED)
mprj/fanout1010/X                        20     32    -12 (VIOLATED)
mprj/fanout1011/X                        20     32    -12 (VIOLATED)
mprj/fanout1015/X                        20     32    -12 (VIOLATED)
mprj/fanout1016/X                        20     32    -12 (VIOLATED)
mprj/fanout1017/X                        20     32    -12 (VIOLATED)
mprj/fanout1019/X                        20     32    -12 (VIOLATED)
mprj/fanout102/X                         20     32    -12 (VIOLATED)
mprj/fanout1020/X                        20     32    -12 (VIOLATED)
mprj/fanout1021/X                        20     32    -12 (VIOLATED)
mprj/fanout1022/X                        20     32    -12 (VIOLATED)
mprj/fanout1023/X                        20     32    -12 (VIOLATED)
mprj/fanout1024/X                        20     32    -12 (VIOLATED)
mprj/fanout1025/X                        20     32    -12 (VIOLATED)
mprj/fanout1029/X                        20     32    -12 (VIOLATED)
mprj/fanout103/X                         20     32    -12 (VIOLATED)
mprj/fanout1032/X                        20     32    -12 (VIOLATED)
mprj/fanout1033/X                        20     32    -12 (VIOLATED)
mprj/fanout1034/X                        20     32    -12 (VIOLATED)
mprj/fanout1035/X                        20     32    -12 (VIOLATED)
mprj/fanout1036/X                        20     32    -12 (VIOLATED)
mprj/fanout1037/X                        20     32    -12 (VIOLATED)
mprj/fanout1039/X                        20     32    -12 (VIOLATED)
mprj/fanout1043/X                        20     32    -12 (VIOLATED)
mprj/fanout1044/X                        20     32    -12 (VIOLATED)
mprj/fanout1046/X                        20     32    -12 (VIOLATED)
mprj/fanout1047/X                        20     32    -12 (VIOLATED)
mprj/fanout1049/X                        20     32    -12 (VIOLATED)
mprj/fanout1052/X                        20     32    -12 (VIOLATED)
mprj/fanout1054/X                        20     32    -12 (VIOLATED)
mprj/fanout1057/X                        20     32    -12 (VIOLATED)
mprj/fanout1058/X                        20     32    -12 (VIOLATED)
mprj/fanout1059/X                        20     32    -12 (VIOLATED)
mprj/fanout1061/X                        20     32    -12 (VIOLATED)
mprj/fanout1062/X                        20     32    -12 (VIOLATED)
mprj/fanout1064/X                        20     32    -12 (VIOLATED)
mprj/fanout1065/X                        20     32    -12 (VIOLATED)
mprj/fanout1066/X                        20     32    -12 (VIOLATED)
mprj/fanout1068/X                        20     32    -12 (VIOLATED)
mprj/fanout107/X                         20     32    -12 (VIOLATED)
mprj/fanout1071/X                        20     32    -12 (VIOLATED)
mprj/fanout1074/X                        20     32    -12 (VIOLATED)
mprj/fanout1075/X                        20     32    -12 (VIOLATED)
mprj/fanout1077/X                        20     32    -12 (VIOLATED)
mprj/fanout1079/X                        20     32    -12 (VIOLATED)
mprj/fanout108/X                         20     32    -12 (VIOLATED)
mprj/fanout1081/X                        20     32    -12 (VIOLATED)
mprj/fanout1083/X                        20     32    -12 (VIOLATED)
mprj/fanout1085/X                        20     32    -12 (VIOLATED)
mprj/fanout1087/X                        20     32    -12 (VIOLATED)
mprj/fanout109/X                         20     32    -12 (VIOLATED)
mprj/fanout1090/X                        20     32    -12 (VIOLATED)
mprj/fanout1092/X                        20     32    -12 (VIOLATED)
mprj/fanout1096/X                        20     32    -12 (VIOLATED)
mprj/fanout1103/X                        20     32    -12 (VIOLATED)
mprj/fanout111/X                         20     32    -12 (VIOLATED)
mprj/fanout1116/X                        20     32    -12 (VIOLATED)
mprj/fanout1118/X                        20     32    -12 (VIOLATED)
mprj/fanout112/X                         20     32    -12 (VIOLATED)
mprj/fanout1126/X                        20     32    -12 (VIOLATED)
mprj/fanout1127/X                        20     32    -12 (VIOLATED)
mprj/fanout113/X                         20     32    -12 (VIOLATED)
mprj/fanout1130/X                        20     32    -12 (VIOLATED)
mprj/fanout1132/X                        20     32    -12 (VIOLATED)
mprj/fanout1133/X                        20     32    -12 (VIOLATED)
mprj/fanout1136/X                        20     32    -12 (VIOLATED)
mprj/fanout1137/X                        20     32    -12 (VIOLATED)
mprj/fanout1139/X                        20     32    -12 (VIOLATED)
mprj/fanout1149/X                        20     32    -12 (VIOLATED)
mprj/fanout1153/X                        20     32    -12 (VIOLATED)
mprj/fanout1155/X                        20     32    -12 (VIOLATED)
mprj/fanout1157/X                        20     32    -12 (VIOLATED)
mprj/fanout1171/X                        20     32    -12 (VIOLATED)
mprj/fanout1180/X                        20     32    -12 (VIOLATED)
mprj/fanout1183/X                        20     32    -12 (VIOLATED)
mprj/fanout1195/X                        20     32    -12 (VIOLATED)
mprj/fanout1206/X                        20     32    -12 (VIOLATED)
mprj/fanout1215/X                        20     32    -12 (VIOLATED)
mprj/fanout1219/X                        20     32    -12 (VIOLATED)
mprj/fanout1220/X                        20     32    -12 (VIOLATED)
mprj/fanout1221/X                        20     32    -12 (VIOLATED)
mprj/fanout1223/X                        20     32    -12 (VIOLATED)
mprj/fanout1224/X                        20     32    -12 (VIOLATED)
mprj/fanout1229/X                        20     32    -12 (VIOLATED)
mprj/fanout1242/X                        20     32    -12 (VIOLATED)
mprj/fanout1244/X                        20     32    -12 (VIOLATED)
mprj/fanout1247/X                        20     32    -12 (VIOLATED)
mprj/fanout1258/X                        20     32    -12 (VIOLATED)
mprj/fanout1263/X                        20     32    -12 (VIOLATED)
mprj/fanout1265/X                        20     32    -12 (VIOLATED)
mprj/fanout1272/X                        20     32    -12 (VIOLATED)
mprj/fanout1274/X                        20     32    -12 (VIOLATED)
mprj/fanout1277/X                        20     32    -12 (VIOLATED)
mprj/fanout1295/X                        20     32    -12 (VIOLATED)
mprj/fanout1299/X                        20     32    -12 (VIOLATED)
mprj/fanout1307/X                        20     32    -12 (VIOLATED)
mprj/fanout1314/X                        20     32    -12 (VIOLATED)
mprj/fanout1319/X                        20     32    -12 (VIOLATED)
mprj/fanout1324/X                        20     32    -12 (VIOLATED)
mprj/fanout162/X                         20     32    -12 (VIOLATED)
mprj/fanout165/X                         20     32    -12 (VIOLATED)
mprj/fanout167/X                         20     32    -12 (VIOLATED)
mprj/fanout169/X                         20     32    -12 (VIOLATED)
mprj/fanout174/X                         20     32    -12 (VIOLATED)
mprj/fanout177/X                         20     32    -12 (VIOLATED)
mprj/fanout178/X                         20     32    -12 (VIOLATED)
mprj/fanout181/X                         20     32    -12 (VIOLATED)
mprj/fanout183/X                         20     32    -12 (VIOLATED)
mprj/fanout184/X                         20     32    -12 (VIOLATED)
mprj/fanout300/X                         20     32    -12 (VIOLATED)
mprj/fanout301/X                         20     32    -12 (VIOLATED)
mprj/fanout302/X                         20     32    -12 (VIOLATED)
mprj/fanout306/X                         20     32    -12 (VIOLATED)
mprj/fanout310/X                         20     32    -12 (VIOLATED)
mprj/fanout312/X                         20     32    -12 (VIOLATED)
mprj/fanout315/X                         20     32    -12 (VIOLATED)
mprj/fanout317/X                         20     32    -12 (VIOLATED)
mprj/fanout318/X                         20     32    -12 (VIOLATED)
mprj/fanout319/X                         20     32    -12 (VIOLATED)
mprj/fanout325/X                         20     32    -12 (VIOLATED)
mprj/fanout327/X                         20     32    -12 (VIOLATED)
mprj/fanout328/X                         20     32    -12 (VIOLATED)
mprj/fanout329/X                         20     32    -12 (VIOLATED)
mprj/fanout330/X                         20     32    -12 (VIOLATED)
mprj/fanout331/X                         20     32    -12 (VIOLATED)
mprj/fanout332/X                         20     32    -12 (VIOLATED)
mprj/fanout333/X                         20     32    -12 (VIOLATED)
mprj/fanout334/X                         20     32    -12 (VIOLATED)
mprj/fanout335/X                         20     32    -12 (VIOLATED)
mprj/fanout336/X                         20     32    -12 (VIOLATED)
mprj/fanout337/X                         20     32    -12 (VIOLATED)
mprj/fanout338/X                         20     32    -12 (VIOLATED)
mprj/fanout339/X                         20     32    -12 (VIOLATED)
mprj/fanout340/X                         20     32    -12 (VIOLATED)
mprj/fanout341/X                         20     32    -12 (VIOLATED)
mprj/fanout342/X                         20     32    -12 (VIOLATED)
mprj/fanout344/X                         20     32    -12 (VIOLATED)
mprj/fanout345/X                         20     32    -12 (VIOLATED)
mprj/fanout346/X                         20     32    -12 (VIOLATED)
mprj/fanout348/X                         20     32    -12 (VIOLATED)
mprj/fanout352/X                         20     32    -12 (VIOLATED)
mprj/fanout354/X                         20     32    -12 (VIOLATED)
mprj/fanout355/X                         20     32    -12 (VIOLATED)
mprj/fanout356/X                         20     32    -12 (VIOLATED)
mprj/fanout357/X                         20     32    -12 (VIOLATED)
mprj/fanout358/X                         20     32    -12 (VIOLATED)
mprj/fanout360/X                         20     32    -12 (VIOLATED)
mprj/fanout362/X                         20     32    -12 (VIOLATED)
mprj/fanout363/X                         20     32    -12 (VIOLATED)
mprj/fanout365/X                         20     32    -12 (VIOLATED)
mprj/fanout367/X                         20     32    -12 (VIOLATED)
mprj/fanout368/X                         20     32    -12 (VIOLATED)
mprj/fanout369/X                         20     32    -12 (VIOLATED)
mprj/fanout370/X                         20     32    -12 (VIOLATED)
mprj/fanout372/X                         20     32    -12 (VIOLATED)
mprj/fanout373/X                         20     32    -12 (VIOLATED)
mprj/fanout374/X                         20     32    -12 (VIOLATED)
mprj/fanout377/X                         20     32    -12 (VIOLATED)
mprj/fanout379/X                         20     32    -12 (VIOLATED)
mprj/fanout381/X                         20     32    -12 (VIOLATED)
mprj/fanout383/X                         20     32    -12 (VIOLATED)
mprj/fanout385/X                         20     32    -12 (VIOLATED)
mprj/fanout386/X                         20     32    -12 (VIOLATED)
mprj/fanout388/X                         20     32    -12 (VIOLATED)
mprj/fanout390/X                         20     32    -12 (VIOLATED)
mprj/fanout391/X                         20     32    -12 (VIOLATED)
mprj/fanout393/X                         20     32    -12 (VIOLATED)
mprj/fanout395/X                         20     32    -12 (VIOLATED)
mprj/fanout396/X                         20     32    -12 (VIOLATED)
mprj/fanout397/X                         20     32    -12 (VIOLATED)
mprj/fanout398/X                         20     32    -12 (VIOLATED)
mprj/fanout399/X                         20     32    -12 (VIOLATED)
mprj/fanout401/X                         20     32    -12 (VIOLATED)
mprj/fanout403/X                         20     32    -12 (VIOLATED)
mprj/fanout404/X                         20     32    -12 (VIOLATED)
mprj/fanout406/X                         20     32    -12 (VIOLATED)
mprj/fanout407/X                         20     32    -12 (VIOLATED)
mprj/fanout408/X                         20     32    -12 (VIOLATED)
mprj/fanout409/X                         20     32    -12 (VIOLATED)
mprj/fanout410/X                         20     32    -12 (VIOLATED)
mprj/fanout411/X                         20     32    -12 (VIOLATED)
mprj/fanout413/X                         20     32    -12 (VIOLATED)
mprj/fanout415/X                         20     32    -12 (VIOLATED)
mprj/fanout416/X                         20     32    -12 (VIOLATED)
mprj/fanout417/X                         20     32    -12 (VIOLATED)
mprj/fanout418/X                         20     32    -12 (VIOLATED)
mprj/fanout420/X                         20     32    -12 (VIOLATED)
mprj/fanout421/X                         20     32    -12 (VIOLATED)
mprj/fanout423/X                         20     32    -12 (VIOLATED)
mprj/fanout424/X                         20     32    -12 (VIOLATED)
mprj/fanout425/X                         20     32    -12 (VIOLATED)
mprj/fanout426/X                         20     32    -12 (VIOLATED)
mprj/fanout427/X                         20     32    -12 (VIOLATED)
mprj/fanout429/X                         20     32    -12 (VIOLATED)
mprj/fanout430/X                         20     32    -12 (VIOLATED)
mprj/fanout431/X                         20     32    -12 (VIOLATED)
mprj/fanout433/X                         20     32    -12 (VIOLATED)
mprj/fanout434/X                         20     32    -12 (VIOLATED)
mprj/fanout435/X                         20     32    -12 (VIOLATED)
mprj/fanout436/X                         20     32    -12 (VIOLATED)
mprj/fanout437/X                         20     32    -12 (VIOLATED)
mprj/fanout438/X                         20     32    -12 (VIOLATED)
mprj/fanout439/X                         20     32    -12 (VIOLATED)
mprj/fanout441/X                         20     32    -12 (VIOLATED)
mprj/fanout443/X                         20     32    -12 (VIOLATED)
mprj/fanout444/X                         20     32    -12 (VIOLATED)
mprj/fanout446/X                         20     32    -12 (VIOLATED)
mprj/fanout447/X                         20     32    -12 (VIOLATED)
mprj/fanout448/X                         20     32    -12 (VIOLATED)
mprj/fanout449/X                         20     32    -12 (VIOLATED)
mprj/fanout450/X                         20     32    -12 (VIOLATED)
mprj/fanout451/X                         20     32    -12 (VIOLATED)
mprj/fanout452/X                         20     32    -12 (VIOLATED)
mprj/fanout453/X                         20     32    -12 (VIOLATED)
mprj/fanout454/X                         20     32    -12 (VIOLATED)
mprj/fanout455/X                         20     32    -12 (VIOLATED)
mprj/fanout456/X                         20     32    -12 (VIOLATED)
mprj/fanout457/X                         20     32    -12 (VIOLATED)
mprj/fanout458/X                         20     32    -12 (VIOLATED)
mprj/fanout459/X                         20     32    -12 (VIOLATED)
mprj/fanout460/X                         20     32    -12 (VIOLATED)
mprj/fanout461/X                         20     32    -12 (VIOLATED)
mprj/fanout464/X                         20     32    -12 (VIOLATED)
mprj/fanout465/X                         20     32    -12 (VIOLATED)
mprj/fanout466/X                         20     32    -12 (VIOLATED)
mprj/fanout467/X                         20     32    -12 (VIOLATED)
mprj/fanout468/X                         20     32    -12 (VIOLATED)
mprj/fanout469/X                         20     32    -12 (VIOLATED)
mprj/fanout470/X                         20     32    -12 (VIOLATED)
mprj/fanout471/X                         20     32    -12 (VIOLATED)
mprj/fanout474/X                         20     32    -12 (VIOLATED)
mprj/fanout476/X                         20     32    -12 (VIOLATED)
mprj/fanout477/X                         20     32    -12 (VIOLATED)
mprj/fanout479/X                         20     32    -12 (VIOLATED)
mprj/fanout480/X                         20     32    -12 (VIOLATED)
mprj/fanout482/X                         20     32    -12 (VIOLATED)
mprj/fanout483/X                         20     32    -12 (VIOLATED)
mprj/fanout484/X                         20     32    -12 (VIOLATED)
mprj/fanout486/X                         20     32    -12 (VIOLATED)
mprj/fanout487/X                         20     32    -12 (VIOLATED)
mprj/fanout488/X                         20     32    -12 (VIOLATED)
mprj/fanout490/X                         20     32    -12 (VIOLATED)
mprj/fanout491/X                         20     32    -12 (VIOLATED)
mprj/fanout492/X                         20     32    -12 (VIOLATED)
mprj/fanout496/X                         20     32    -12 (VIOLATED)
mprj/fanout497/X                         20     32    -12 (VIOLATED)
mprj/fanout498/X                         20     32    -12 (VIOLATED)
mprj/fanout501/X                         20     32    -12 (VIOLATED)
mprj/fanout502/X                         20     32    -12 (VIOLATED)
mprj/fanout503/X                         20     32    -12 (VIOLATED)
mprj/fanout507/X                         20     32    -12 (VIOLATED)
mprj/fanout508/X                         20     32    -12 (VIOLATED)
mprj/fanout509/X                         20     32    -12 (VIOLATED)
mprj/fanout512/X                         20     32    -12 (VIOLATED)
mprj/fanout514/X                         20     32    -12 (VIOLATED)
mprj/fanout515/X                         20     32    -12 (VIOLATED)
mprj/fanout517/X                         20     32    -12 (VIOLATED)
mprj/fanout518/X                         20     32    -12 (VIOLATED)
mprj/fanout519/X                         20     32    -12 (VIOLATED)
mprj/fanout521/X                         20     32    -12 (VIOLATED)
mprj/fanout522/X                         20     32    -12 (VIOLATED)
mprj/fanout523/X                         20     32    -12 (VIOLATED)
mprj/fanout527/X                         20     32    -12 (VIOLATED)
mprj/fanout528/X                         20     32    -12 (VIOLATED)
mprj/fanout530/X                         20     32    -12 (VIOLATED)
mprj/fanout532/X                         20     32    -12 (VIOLATED)
mprj/fanout533/X                         20     32    -12 (VIOLATED)
mprj/fanout534/X                         20     32    -12 (VIOLATED)
mprj/fanout538/X                         20     32    -12 (VIOLATED)
mprj/fanout539/X                         20     32    -12 (VIOLATED)
mprj/fanout540/X                         20     32    -12 (VIOLATED)
mprj/fanout542/X                         20     32    -12 (VIOLATED)
mprj/fanout543/X                         20     32    -12 (VIOLATED)
mprj/fanout544/X                         20     32    -12 (VIOLATED)
mprj/fanout548/X                         20     32    -12 (VIOLATED)
mprj/fanout549/X                         20     32    -12 (VIOLATED)
mprj/fanout550/X                         20     32    -12 (VIOLATED)
mprj/fanout552/X                         20     32    -12 (VIOLATED)
mprj/fanout553/X                         20     32    -12 (VIOLATED)
mprj/fanout554/X                         20     32    -12 (VIOLATED)
mprj/fanout558/X                         20     32    -12 (VIOLATED)
mprj/fanout559/X                         20     32    -12 (VIOLATED)
mprj/fanout561/X                         20     32    -12 (VIOLATED)
mprj/fanout563/X                         20     32    -12 (VIOLATED)
mprj/fanout565/X                         20     32    -12 (VIOLATED)
mprj/fanout566/X                         20     32    -12 (VIOLATED)
mprj/fanout568/X                         20     32    -12 (VIOLATED)
mprj/fanout570/X                         20     32    -12 (VIOLATED)
mprj/fanout571/X                         20     32    -12 (VIOLATED)
mprj/fanout572/X                         20     32    -12 (VIOLATED)
mprj/fanout574/X                         20     32    -12 (VIOLATED)
mprj/fanout575/X                         20     32    -12 (VIOLATED)
mprj/fanout576/X                         20     32    -12 (VIOLATED)
mprj/fanout577/X                         20     32    -12 (VIOLATED)
mprj/fanout580/X                         20     32    -12 (VIOLATED)
mprj/fanout583/X                         20     32    -12 (VIOLATED)
mprj/fanout586/X                         20     32    -12 (VIOLATED)
mprj/fanout588/X                         20     32    -12 (VIOLATED)
mprj/fanout590/X                         20     32    -12 (VIOLATED)
mprj/fanout592/X                         20     32    -12 (VIOLATED)
mprj/fanout593/X                         20     32    -12 (VIOLATED)
mprj/fanout594/X                         20     32    -12 (VIOLATED)
mprj/fanout596/X                         20     32    -12 (VIOLATED)
mprj/fanout597/X                         20     32    -12 (VIOLATED)
mprj/fanout599/X                         20     32    -12 (VIOLATED)
mprj/fanout602/X                         20     32    -12 (VIOLATED)
mprj/fanout603/X                         20     32    -12 (VIOLATED)
mprj/fanout604/X                         20     32    -12 (VIOLATED)
mprj/fanout607/X                         20     32    -12 (VIOLATED)
mprj/fanout608/X                         20     32    -12 (VIOLATED)
mprj/fanout615/X                         20     32    -12 (VIOLATED)
mprj/fanout618/X                         20     32    -12 (VIOLATED)
mprj/fanout620/X                         20     32    -12 (VIOLATED)
mprj/fanout622/X                         20     32    -12 (VIOLATED)
mprj/fanout624/X                         20     32    -12 (VIOLATED)
mprj/fanout626/X                         20     32    -12 (VIOLATED)
mprj/fanout628/X                         20     32    -12 (VIOLATED)
mprj/fanout630/X                         20     32    -12 (VIOLATED)
mprj/fanout631/X                         20     32    -12 (VIOLATED)
mprj/fanout633/X                         20     32    -12 (VIOLATED)
mprj/fanout635/X                         20     32    -12 (VIOLATED)
mprj/fanout641/X                         20     32    -12 (VIOLATED)
mprj/fanout642/X                         20     32    -12 (VIOLATED)
mprj/fanout643/X                         20     32    -12 (VIOLATED)
mprj/fanout645/X                         20     32    -12 (VIOLATED)
mprj/fanout646/X                         20     32    -12 (VIOLATED)
mprj/fanout647/X                         20     32    -12 (VIOLATED)
mprj/fanout650/X                         20     32    -12 (VIOLATED)
mprj/fanout651/X                         20     32    -12 (VIOLATED)
mprj/fanout653/X                         20     32    -12 (VIOLATED)
mprj/fanout655/X                         20     32    -12 (VIOLATED)
mprj/fanout656/X                         20     32    -12 (VIOLATED)
mprj/fanout657/X                         20     32    -12 (VIOLATED)
mprj/fanout662/X                         20     32    -12 (VIOLATED)
mprj/fanout663/X                         20     32    -12 (VIOLATED)
mprj/fanout665/X                         20     32    -12 (VIOLATED)
mprj/fanout667/X                         20     32    -12 (VIOLATED)
mprj/fanout668/X                         20     32    -12 (VIOLATED)
mprj/fanout669/X                         20     32    -12 (VIOLATED)
mprj/fanout671/X                         20     32    -12 (VIOLATED)
mprj/fanout674/X                         20     32    -12 (VIOLATED)
mprj/fanout675/X                         20     32    -12 (VIOLATED)
mprj/fanout676/X                         20     32    -12 (VIOLATED)
mprj/fanout677/X                         20     32    -12 (VIOLATED)
mprj/fanout678/X                         20     32    -12 (VIOLATED)
mprj/fanout681/X                         20     32    -12 (VIOLATED)
mprj/fanout689/X                         20     32    -12 (VIOLATED)
mprj/fanout692/X                         20     32    -12 (VIOLATED)
mprj/fanout693/X                         20     32    -12 (VIOLATED)
mprj/fanout694/X                         20     32    -12 (VIOLATED)
mprj/fanout698/X                         20     32    -12 (VIOLATED)
mprj/fanout699/X                         20     32    -12 (VIOLATED)
mprj/fanout701/X                         20     32    -12 (VIOLATED)
mprj/fanout702/X                         20     32    -12 (VIOLATED)
mprj/fanout703/X                         20     32    -12 (VIOLATED)
mprj/fanout704/X                         20     32    -12 (VIOLATED)
mprj/fanout705/X                         20     32    -12 (VIOLATED)
mprj/fanout707/X                         20     32    -12 (VIOLATED)
mprj/fanout709/X                         20     32    -12 (VIOLATED)
mprj/fanout712/X                         20     32    -12 (VIOLATED)
mprj/fanout713/X                         20     32    -12 (VIOLATED)
mprj/fanout714/X                         20     32    -12 (VIOLATED)
mprj/fanout716/X                         20     32    -12 (VIOLATED)
mprj/fanout718/X                         20     32    -12 (VIOLATED)
mprj/fanout719/X                         20     32    -12 (VIOLATED)
mprj/fanout720/X                         20     32    -12 (VIOLATED)
mprj/fanout722/X                         20     32    -12 (VIOLATED)
mprj/fanout723/X                         20     32    -12 (VIOLATED)
mprj/fanout724/X                         20     32    -12 (VIOLATED)
mprj/fanout728/X                         20     32    -12 (VIOLATED)
mprj/fanout729/X                         20     32    -12 (VIOLATED)
mprj/fanout730/X                         20     32    -12 (VIOLATED)
mprj/fanout732/X                         20     32    -12 (VIOLATED)
mprj/fanout733/X                         20     32    -12 (VIOLATED)
mprj/fanout735/X                         20     32    -12 (VIOLATED)
mprj/fanout737/X                         20     32    -12 (VIOLATED)
mprj/fanout738/X                         20     32    -12 (VIOLATED)
mprj/fanout739/X                         20     32    -12 (VIOLATED)
mprj/fanout741/X                         20     32    -12 (VIOLATED)
mprj/fanout742/X                         20     32    -12 (VIOLATED)
mprj/fanout743/X                         20     32    -12 (VIOLATED)
mprj/fanout747/X                         20     32    -12 (VIOLATED)
mprj/fanout748/X                         20     32    -12 (VIOLATED)
mprj/fanout749/X                         20     32    -12 (VIOLATED)
mprj/fanout751/X                         20     32    -12 (VIOLATED)
mprj/fanout753/X                         20     32    -12 (VIOLATED)
mprj/fanout756/X                         20     32    -12 (VIOLATED)
mprj/fanout757/X                         20     32    -12 (VIOLATED)
mprj/fanout759/X                         20     32    -12 (VIOLATED)
mprj/fanout760/X                         20     32    -12 (VIOLATED)
mprj/fanout761/X                         20     32    -12 (VIOLATED)
mprj/fanout763/X                         20     32    -12 (VIOLATED)
mprj/fanout764/X                         20     32    -12 (VIOLATED)
mprj/fanout765/X                         20     32    -12 (VIOLATED)
mprj/fanout766/X                         20     32    -12 (VIOLATED)
mprj/fanout768/X                         20     32    -12 (VIOLATED)
mprj/fanout769/X                         20     32    -12 (VIOLATED)
mprj/fanout770/X                         20     32    -12 (VIOLATED)
mprj/fanout771/X                         20     32    -12 (VIOLATED)
mprj/fanout772/X                         20     32    -12 (VIOLATED)
mprj/fanout774/X                         20     32    -12 (VIOLATED)
mprj/fanout776/X                         20     32    -12 (VIOLATED)
mprj/fanout778/X                         20     32    -12 (VIOLATED)
mprj/fanout779/X                         20     32    -12 (VIOLATED)
mprj/fanout782/X                         20     32    -12 (VIOLATED)
mprj/fanout784/X                         20     32    -12 (VIOLATED)
mprj/fanout786/X                         20     32    -12 (VIOLATED)
mprj/fanout787/X                         20     32    -12 (VIOLATED)
mprj/fanout788/X                         20     32    -12 (VIOLATED)
mprj/fanout789/X                         20     32    -12 (VIOLATED)
mprj/fanout792/X                         20     32    -12 (VIOLATED)
mprj/fanout794/X                         20     32    -12 (VIOLATED)
mprj/fanout796/X                         20     32    -12 (VIOLATED)
mprj/fanout797/X                         20     32    -12 (VIOLATED)
mprj/fanout799/X                         20     32    -12 (VIOLATED)
mprj/fanout801/X                         20     32    -12 (VIOLATED)
mprj/fanout802/X                         20     32    -12 (VIOLATED)
mprj/fanout804/X                         20     32    -12 (VIOLATED)
mprj/fanout807/X                         20     32    -12 (VIOLATED)
mprj/fanout809/X                         20     32    -12 (VIOLATED)
mprj/fanout811/X                         20     32    -12 (VIOLATED)
mprj/fanout814/X                         20     32    -12 (VIOLATED)
mprj/fanout815/X                         20     32    -12 (VIOLATED)
mprj/fanout816/X                         20     32    -12 (VIOLATED)
mprj/fanout818/X                         20     32    -12 (VIOLATED)
mprj/fanout819/X                         20     32    -12 (VIOLATED)
mprj/fanout820/X                         20     32    -12 (VIOLATED)
mprj/fanout823/X                         20     32    -12 (VIOLATED)
mprj/fanout824/X                         20     32    -12 (VIOLATED)
mprj/fanout825/X                         20     32    -12 (VIOLATED)
mprj/fanout827/X                         20     32    -12 (VIOLATED)
mprj/fanout828/X                         20     32    -12 (VIOLATED)
mprj/fanout829/X                         20     32    -12 (VIOLATED)
mprj/fanout833/X                         20     32    -12 (VIOLATED)
mprj/fanout834/X                         20     32    -12 (VIOLATED)
mprj/fanout835/X                         20     32    -12 (VIOLATED)
mprj/fanout838/X                         20     32    -12 (VIOLATED)
mprj/fanout840/X                         20     32    -12 (VIOLATED)
mprj/fanout841/X                         20     32    -12 (VIOLATED)
mprj/fanout845/X                         20     32    -12 (VIOLATED)
mprj/fanout846/X                         20     32    -12 (VIOLATED)
mprj/fanout848/X                         20     32    -12 (VIOLATED)
mprj/fanout850/X                         20     32    -12 (VIOLATED)
mprj/fanout851/X                         20     32    -12 (VIOLATED)
mprj/fanout852/X                         20     32    -12 (VIOLATED)
mprj/fanout854/X                         20     32    -12 (VIOLATED)
mprj/fanout855/X                         20     32    -12 (VIOLATED)
mprj/fanout856/X                         20     32    -12 (VIOLATED)
mprj/fanout858/X                         20     32    -12 (VIOLATED)
mprj/fanout859/X                         20     32    -12 (VIOLATED)
mprj/fanout860/X                         20     32    -12 (VIOLATED)
mprj/fanout863/X                         20     32    -12 (VIOLATED)
mprj/fanout864/X                         20     32    -12 (VIOLATED)
mprj/fanout866/X                         20     32    -12 (VIOLATED)
mprj/fanout868/X                         20     32    -12 (VIOLATED)
mprj/fanout869/X                         20     32    -12 (VIOLATED)
mprj/fanout870/X                         20     32    -12 (VIOLATED)
mprj/fanout873/X                         20     32    -12 (VIOLATED)
mprj/fanout874/X                         20     32    -12 (VIOLATED)
mprj/fanout875/X                         20     32    -12 (VIOLATED)
mprj/fanout878/X                         20     32    -12 (VIOLATED)
mprj/fanout879/X                         20     32    -12 (VIOLATED)
mprj/fanout880/X                         20     32    -12 (VIOLATED)
mprj/fanout884/X                         20     32    -12 (VIOLATED)
mprj/fanout885/X                         20     32    -12 (VIOLATED)
mprj/fanout886/X                         20     32    -12 (VIOLATED)
mprj/fanout887/X                         20     32    -12 (VIOLATED)
mprj/fanout888/X                         20     32    -12 (VIOLATED)
mprj/fanout889/X                         20     32    -12 (VIOLATED)
mprj/fanout890/X                         20     32    -12 (VIOLATED)
mprj/fanout893/X                         20     32    -12 (VIOLATED)
mprj/fanout894/X                         20     32    -12 (VIOLATED)
mprj/fanout895/X                         20     32    -12 (VIOLATED)
mprj/fanout897/X                         20     32    -12 (VIOLATED)
mprj/fanout899/X                         20     32    -12 (VIOLATED)
mprj/fanout900/X                         20     32    -12 (VIOLATED)
mprj/fanout903/X                         20     32    -12 (VIOLATED)
mprj/fanout904/X                         20     32    -12 (VIOLATED)
mprj/fanout906/X                         20     32    -12 (VIOLATED)
mprj/fanout908/X                         20     32    -12 (VIOLATED)
mprj/fanout909/X                         20     32    -12 (VIOLATED)
mprj/fanout910/X                         20     32    -12 (VIOLATED)
mprj/fanout913/X                         20     32    -12 (VIOLATED)
mprj/fanout914/X                         20     32    -12 (VIOLATED)
mprj/fanout915/X                         20     32    -12 (VIOLATED)
mprj/fanout916/X                         20     32    -12 (VIOLATED)
mprj/fanout917/X                         20     32    -12 (VIOLATED)
mprj/fanout918/X                         20     32    -12 (VIOLATED)
mprj/fanout919/X                         20     32    -12 (VIOLATED)
mprj/fanout922/X                         20     32    -12 (VIOLATED)
mprj/fanout923/X                         20     32    -12 (VIOLATED)
mprj/fanout924/X                         20     32    -12 (VIOLATED)
mprj/fanout926/X                         20     32    -12 (VIOLATED)
mprj/fanout927/X                         20     32    -12 (VIOLATED)
mprj/fanout928/X                         20     32    -12 (VIOLATED)
mprj/fanout931/X                         20     32    -12 (VIOLATED)
mprj/fanout932/X                         20     32    -12 (VIOLATED)
mprj/fanout933/X                         20     32    -12 (VIOLATED)
mprj/fanout935/X                         20     32    -12 (VIOLATED)
mprj/fanout936/X                         20     32    -12 (VIOLATED)
mprj/fanout937/X                         20     32    -12 (VIOLATED)
mprj/fanout940/X                         20     32    -12 (VIOLATED)
mprj/fanout941/X                         20     32    -12 (VIOLATED)
mprj/fanout942/X                         20     32    -12 (VIOLATED)
mprj/fanout945/X                         20     32    -12 (VIOLATED)
mprj/fanout947/X                         20     32    -12 (VIOLATED)
mprj/fanout948/X                         20     32    -12 (VIOLATED)
mprj/fanout952/X                         20     32    -12 (VIOLATED)
mprj/fanout955/X                         20     32    -12 (VIOLATED)
mprj/fanout957/X                         20     32    -12 (VIOLATED)
mprj/fanout959/X                         20     32    -12 (VIOLATED)
mprj/fanout961/X                         20     32    -12 (VIOLATED)
mprj/fanout966/X                         20     32    -12 (VIOLATED)
mprj/fanout969/X                         20     32    -12 (VIOLATED)
mprj/fanout972/X                         20     32    -12 (VIOLATED)
mprj/fanout973/X                         20     32    -12 (VIOLATED)
mprj/fanout975/X                         20     32    -12 (VIOLATED)
mprj/fanout976/X                         20     32    -12 (VIOLATED)
mprj/fanout979/X                         20     32    -12 (VIOLATED)
mprj/fanout980/X                         20     32    -12 (VIOLATED)
mprj/fanout981/X                         20     32    -12 (VIOLATED)
mprj/fanout985/X                         20     32    -12 (VIOLATED)
mprj/fanout986/X                         20     32    -12 (VIOLATED)
mprj/fanout987/X                         20     32    -12 (VIOLATED)
mprj/fanout988/X                         20     32    -12 (VIOLATED)
mprj/fanout990/X                         20     32    -12 (VIOLATED)
mprj/fanout992/X                         20     32    -12 (VIOLATED)
mprj/fanout993/X                         20     32    -12 (VIOLATED)
mprj/fanout996/X                         20     32    -12 (VIOLATED)
mprj/fanout997/X                         20     32    -12 (VIOLATED)
mprj/fanout998/X                         20     32    -12 (VIOLATED)
mprj/hold116/X                           20     32    -12 (VIOLATED)
mprj/hold32/X                            20     32    -12 (VIOLATED)
mprj/hold40/X                            20     32    -12 (VIOLATED)
mprj/hold64/X                            20     32    -12 (VIOLATED)
mprj/hold8/X                             20     32    -12 (VIOLATED)
mprj/_15863_/X                           20     30    -10 (VIOLATED)
mprj/_15883_/X                           20     30    -10 (VIOLATED)
mprj/_15926_/X                           20     30    -10 (VIOLATED)
mprj/_15941_/X                           20     30    -10 (VIOLATED)
mprj/_15946_/X                           20     30    -10 (VIOLATED)
mprj/_15954_/X                           20     30    -10 (VIOLATED)
mprj/_16615_/X                           20     30    -10 (VIOLATED)
mprj/_16629_/X                           20     30    -10 (VIOLATED)
mprj/_17244_/X                           20     30    -10 (VIOLATED)
mprj/_17257_/X                           20     30    -10 (VIOLATED)
mprj/_17262_/X                           20     30    -10 (VIOLATED)
mprj/_17909_/Y                           20     30    -10 (VIOLATED)
mprj/_17934_/X                           20     30    -10 (VIOLATED)
mprj/_17935_/X                           20     30    -10 (VIOLATED)
mprj/_20183_/X                           20     30    -10 (VIOLATED)
mprj/_20192_/X                           20     30    -10 (VIOLATED)
mprj/_20197_/X                           20     30    -10 (VIOLATED)
mprj/_20202_/X                           20     30    -10 (VIOLATED)
mprj/_20205_/X                           20     30    -10 (VIOLATED)
mprj/_20217_/Y                           20     30    -10 (VIOLATED)
mprj/_20220_/X                           20     30    -10 (VIOLATED)
mprj/_20225_/Y                           20     30    -10 (VIOLATED)
mprj/_20235_/Y                           20     30    -10 (VIOLATED)
mprj/_20248_/Y                           20     30    -10 (VIOLATED)
mprj/_20250_/Y                           20     30    -10 (VIOLATED)
mprj/_20266_/Y                           20     30    -10 (VIOLATED)
mprj/_20275_/Y                           20     30    -10 (VIOLATED)
mprj/_20279_/Y                           20     30    -10 (VIOLATED)
mprj/_20283_/X                           20     30    -10 (VIOLATED)
mprj/_20291_/X                           20     30    -10 (VIOLATED)
mprj/_22284_/Y                           20     30    -10 (VIOLATED)
mprj/_23300_/Y                           20     30    -10 (VIOLATED)
mprj/_23315_/Y                           20     30    -10 (VIOLATED)
mprj/_23342_/Y                           20     30    -10 (VIOLATED)
mprj/_23375_/X                           20     30    -10 (VIOLATED)
mprj/_24213_/Y                           20     30    -10 (VIOLATED)
mprj/_24270_/Y                           20     30    -10 (VIOLATED)
mprj/_24299_/X                           20     30    -10 (VIOLATED)
mprj/_25133_/Y                           20     30    -10 (VIOLATED)
mprj/clkbuf_5_0__f_wb_clk_i/X            20     30    -10 (VIOLATED)
mprj/clkbuf_5_22__f_wb_clk_i/X           20     30    -10 (VIOLATED)
mprj/clkbuf_5_24__f_wb_clk_i/X           20     30    -10 (VIOLATED)
mprj/fanout1050/X                        20     30    -10 (VIOLATED)
mprj/fanout1080/X                        20     30    -10 (VIOLATED)
mprj/fanout1174/X                        20     30    -10 (VIOLATED)
mprj/fanout164/X                         20     30    -10 (VIOLATED)
mprj/fanout166/X                         20     30    -10 (VIOLATED)
mprj/fanout349/X                         20     30    -10 (VIOLATED)
mprj/fanout414/X                         20     30    -10 (VIOLATED)
mprj/fanout489/X                         20     30    -10 (VIOLATED)
mprj/fanout520/X                         20     30    -10 (VIOLATED)
mprj/fanout551/X                         20     30    -10 (VIOLATED)
mprj/fanout589/X                         20     30    -10 (VIOLATED)
mprj/fanout595/X                         20     30    -10 (VIOLATED)
mprj/fanout627/X                         20     30    -10 (VIOLATED)
mprj/fanout644/X                         20     30    -10 (VIOLATED)
mprj/fanout706/X                         20     30    -10 (VIOLATED)
mprj/fanout710/X                         20     30    -10 (VIOLATED)
mprj/fanout758/X                         20     30    -10 (VIOLATED)
mprj/fanout808/X                         20     30    -10 (VIOLATED)
mprj/fanout861/X                         20     30    -10 (VIOLATED)
mprj/fanout991/X                         20     30    -10 (VIOLATED)
mprj/wire1042/X                          20     30    -10 (VIOLATED)
mprj/wire82/X                            20     30    -10 (VIOLATED)
mprj/wire83/X                            20     30    -10 (VIOLATED)
mprj/wire84/X                            20     30    -10 (VIOLATED)
mprj/wire85/X                            20     30    -10 (VIOLATED)
mprj/wire86/X                            20     30    -10 (VIOLATED)
mprj/wire87/X                            20     30    -10 (VIOLATED)
mprj/wire88/X                            20     30    -10 (VIOLATED)
mprj/_15839_/X                           20     28     -8 (VIOLATED)
mprj/_15855_/X                           20     28     -8 (VIOLATED)
mprj/_15897_/X                           20     28     -8 (VIOLATED)
mprj/_16581_/Y                           20     28     -8 (VIOLATED)
mprj/_16607_/X                           20     28     -8 (VIOLATED)
mprj/_16650_/X                           20     28     -8 (VIOLATED)
mprj/_17261_/X                           20     28     -8 (VIOLATED)
mprj/_17274_/X                           20     28     -8 (VIOLATED)
mprj/_17902_/X                           20     28     -8 (VIOLATED)
mprj/_17948_/X                           20     28     -8 (VIOLATED)
mprj/_17990_/X                           20     28     -8 (VIOLATED)
mprj/_20177_/Y                           20     28     -8 (VIOLATED)
mprj/_20227_/Y                           20     28     -8 (VIOLATED)
mprj/_20233_/Y                           20     28     -8 (VIOLATED)
mprj/_20246_/Y                           20     28     -8 (VIOLATED)
mprj/_20293_/X                           20     28     -8 (VIOLATED)
mprj/_20295_/X                           20     28     -8 (VIOLATED)
mprj/_20403_/X                           20     28     -8 (VIOLATED)
mprj/_20405_/X                           20     28     -8 (VIOLATED)
mprj/_20408_/X                           20     28     -8 (VIOLATED)
mprj/_20430_/X                           20     28     -8 (VIOLATED)
mprj/_20437_/X                           20     28     -8 (VIOLATED)
mprj/_20449_/X                           20     28     -8 (VIOLATED)
mprj/_20451_/X                           20     28     -8 (VIOLATED)
mprj/_20454_/X                           20     28     -8 (VIOLATED)
mprj/_20457_/X                           20     28     -8 (VIOLATED)
mprj/_20460_/X                           20     28     -8 (VIOLATED)
mprj/_20465_/X                           20     28     -8 (VIOLATED)
mprj/_20470_/X                           20     28     -8 (VIOLATED)
mprj/_20485_/X                           20     28     -8 (VIOLATED)
mprj/_20503_/X                           20     28     -8 (VIOLATED)
mprj/_20505_/X                           20     28     -8 (VIOLATED)
mprj/_20507_/X                           20     28     -8 (VIOLATED)
mprj/_20509_/X                           20     28     -8 (VIOLATED)
mprj/_20511_/X                           20     28     -8 (VIOLATED)
mprj/_20514_/Y                           20     28     -8 (VIOLATED)
mprj/_20516_/Y                           20     28     -8 (VIOLATED)
mprj/_20518_/Y                           20     28     -8 (VIOLATED)
mprj/_20520_/X                           20     28     -8 (VIOLATED)
mprj/_20522_/X                           20     28     -8 (VIOLATED)
mprj/_20532_/X                           20     28     -8 (VIOLATED)
mprj/_20550_/Y                           20     28     -8 (VIOLATED)
mprj/_20552_/X                           20     28     -8 (VIOLATED)
mprj/_20558_/X                           20     28     -8 (VIOLATED)
mprj/_20568_/Y                           20     28     -8 (VIOLATED)
mprj/_20570_/X                           20     28     -8 (VIOLATED)
mprj/_20578_/Y                           20     28     -8 (VIOLATED)
mprj/_20580_/X                           20     28     -8 (VIOLATED)
mprj/_20582_/X                           20     28     -8 (VIOLATED)
mprj/_20584_/X                           20     28     -8 (VIOLATED)
mprj/_20586_/X                           20     28     -8 (VIOLATED)
mprj/_22288_/Y                           20     28     -8 (VIOLATED)
mprj/_22435_/Y                           20     28     -8 (VIOLATED)
mprj/_23266_/Y                           20     28     -8 (VIOLATED)
mprj/_23271_/Y                           20     28     -8 (VIOLATED)
mprj/_23296_/Y                           20     28     -8 (VIOLATED)
mprj/_23309_/X                           20     28     -8 (VIOLATED)
mprj/_23319_/Y                           20     28     -8 (VIOLATED)
mprj/_24225_/Y                           20     28     -8 (VIOLATED)
mprj/_24283_/Y                           20     28     -8 (VIOLATED)
mprj/_24307_/Y                           20     28     -8 (VIOLATED)
mprj/_25174_/Y                           20     28     -8 (VIOLATED)
mprj/_25203_/Y                           20     28     -8 (VIOLATED)
mprj/clkbuf_5_17__f_wb_clk_i/X           20     28     -8 (VIOLATED)
mprj/clkbuf_5_18__f_wb_clk_i/X           20     28     -8 (VIOLATED)
mprj/clkbuf_5_20__f_wb_clk_i/X           20     28     -8 (VIOLATED)
mprj/clkbuf_5_23__f_wb_clk_i/X           20     28     -8 (VIOLATED)
mprj/clkbuf_5_25__f_wb_clk_i/X           20     28     -8 (VIOLATED)
mprj/clkbuf_5_26__f_wb_clk_i/X           20     28     -8 (VIOLATED)
mprj/clkbuf_5_27__f_wb_clk_i/X           20     28     -8 (VIOLATED)
mprj/clkbuf_5_29__f_wb_clk_i/X           20     28     -8 (VIOLATED)
mprj/clkbuf_5_2__f_wb_clk_i/X            20     28     -8 (VIOLATED)
mprj/clkbuf_5_30__f_wb_clk_i/X           20     28     -8 (VIOLATED)
mprj/clkbuf_5_8__f_wb_clk_i/X            20     28     -8 (VIOLATED)
mprj/fanout1030/X                        20     28     -8 (VIOLATED)
mprj/fanout104/X                         20     28     -8 (VIOLATED)
mprj/fanout1063/X                        20     28     -8 (VIOLATED)
mprj/fanout1072/X                        20     28     -8 (VIOLATED)
mprj/fanout1084/X                        20     28     -8 (VIOLATED)
mprj/fanout110/X                         20     28     -8 (VIOLATED)
mprj/fanout1122/X                        20     28     -8 (VIOLATED)
mprj/fanout1141/X                        20     28     -8 (VIOLATED)
mprj/fanout1239/X                        20     28     -8 (VIOLATED)
mprj/fanout1294/X                        20     28     -8 (VIOLATED)
mprj/fanout314/X                         20     28     -8 (VIOLATED)
mprj/fanout389/X                         20     28     -8 (VIOLATED)
mprj/fanout524/X                         20     28     -8 (VIOLATED)
mprj/fanout541/X                         20     28     -8 (VIOLATED)
mprj/fanout721/X                         20     28     -8 (VIOLATED)
mprj/fanout740/X                         20     28     -8 (VIOLATED)
mprj/fanout744/X                         20     28     -8 (VIOLATED)
mprj/fanout755/X                         20     28     -8 (VIOLATED)
mprj/fanout790/X                         20     28     -8 (VIOLATED)
mprj/fanout791/X                         20     28     -8 (VIOLATED)
mprj/fanout806/X                         20     28     -8 (VIOLATED)
mprj/fanout817/X                         20     28     -8 (VIOLATED)
mprj/fanout896/X                         20     28     -8 (VIOLATED)
mprj/fanout925/X                         20     28     -8 (VIOLATED)
mprj/fanout930/X                         20     28     -8 (VIOLATED)
mprj/fanout939/X                         20     28     -8 (VIOLATED)
mprj/hold24/X                            20     28     -8 (VIOLATED)
mprj/hold51/X                            20     28     -8 (VIOLATED)
mprj/hold58/X                            20     28     -8 (VIOLATED)
mprj/hold69/X                            20     28     -8 (VIOLATED)
mprj/wire1056/X                          20     28     -8 (VIOLATED)
mprj/wire79/X                            20     28     -8 (VIOLATED)
mprj/_15885_/Y                           20     26     -6 (VIOLATED)
mprj/_15892_/X                           20     26     -6 (VIOLATED)
mprj/_15931_/X                           20     26     -6 (VIOLATED)
mprj/_15935_/X                           20     26     -6 (VIOLATED)
mprj/_16554_/X                           20     26     -6 (VIOLATED)
mprj/_16573_/X                           20     26     -6 (VIOLATED)
mprj/_16580_/X                           20     26     -6 (VIOLATED)
mprj/_16605_/X                           20     26     -6 (VIOLATED)
mprj/_16606_/X                           20     26     -6 (VIOLATED)
mprj/_16627_/X                           20     26     -6 (VIOLATED)
mprj/_16658_/X                           20     26     -6 (VIOLATED)
mprj/_16668_/X                           20     26     -6 (VIOLATED)
mprj/_17206_/Y                           20     26     -6 (VIOLATED)
mprj/_17280_/X                           20     26     -6 (VIOLATED)
mprj/_17308_/X                           20     26     -6 (VIOLATED)
mprj/_18002_/X                           20     26     -6 (VIOLATED)
mprj/_22325_/Y                           20     26     -6 (VIOLATED)
mprj/_22368_/Y                           20     26     -6 (VIOLATED)
mprj/_22376_/Y                           20     26     -6 (VIOLATED)
mprj/_22392_/X                           20     26     -6 (VIOLATED)
mprj/_22461_/Y                           20     26     -6 (VIOLATED)
mprj/_23264_/Y                           20     26     -6 (VIOLATED)
mprj/_23274_/Y                           20     26     -6 (VIOLATED)
mprj/_23325_/X                           20     26     -6 (VIOLATED)
mprj/_23331_/Y                           20     26     -6 (VIOLATED)
mprj/_23337_/Y                           20     26     -6 (VIOLATED)
mprj/_24210_/Y                           20     26     -6 (VIOLATED)
mprj/_24211_/X                           20     26     -6 (VIOLATED)
mprj/_24277_/Y                           20     26     -6 (VIOLATED)
mprj/_25064_/X                           20     26     -6 (VIOLATED)
mprj/_25075_/Y                           20     26     -6 (VIOLATED)
mprj/_25090_/X                           20     26     -6 (VIOLATED)
mprj/_25101_/Y                           20     26     -6 (VIOLATED)
mprj/_25149_/X                           20     26     -6 (VIOLATED)
mprj/_25159_/Y                           20     26     -6 (VIOLATED)
mprj/clkbuf_5_11__f_wb_clk_i/X           20     26     -6 (VIOLATED)
mprj/clkbuf_5_16__f_wb_clk_i/X           20     26     -6 (VIOLATED)
mprj/clkbuf_5_28__f_wb_clk_i/X           20     26     -6 (VIOLATED)
mprj/clkbuf_5_7__f_wb_clk_i/X            20     26     -6 (VIOLATED)
mprj/fanout1031/X                        20     26     -6 (VIOLATED)
mprj/fanout1067/X                        20     26     -6 (VIOLATED)
mprj/fanout1073/X                        20     26     -6 (VIOLATED)
mprj/fanout1078/X                        20     26     -6 (VIOLATED)
mprj/fanout1089/X                        20     26     -6 (VIOLATED)
mprj/fanout1091/X                        20     26     -6 (VIOLATED)
mprj/fanout114/X                         20     26     -6 (VIOLATED)
mprj/fanout1167/X                        20     26     -6 (VIOLATED)
mprj/fanout1218/X                        20     26     -6 (VIOLATED)
mprj/fanout171/X                         20     26     -6 (VIOLATED)
mprj/fanout313/X                         20     26     -6 (VIOLATED)
mprj/fanout316/X                         20     26     -6 (VIOLATED)
mprj/fanout371/X                         20     26     -6 (VIOLATED)
mprj/fanout375/X                         20     26     -6 (VIOLATED)
mprj/fanout392/X                         20     26     -6 (VIOLATED)
mprj/fanout473/X                         20     26     -6 (VIOLATED)
mprj/fanout510/X                         20     26     -6 (VIOLATED)
mprj/fanout531/X                         20     26     -6 (VIOLATED)
mprj/fanout545/X                         20     26     -6 (VIOLATED)
mprj/fanout555/X                         20     26     -6 (VIOLATED)
mprj/fanout562/X                         20     26     -6 (VIOLATED)
mprj/fanout582/X                         20     26     -6 (VIOLATED)
mprj/fanout587/X                         20     26     -6 (VIOLATED)
mprj/fanout634/X                         20     26     -6 (VIOLATED)
mprj/fanout666/X                         20     26     -6 (VIOLATED)
mprj/fanout731/X                         20     26     -6 (VIOLATED)
mprj/fanout736/X                         20     26     -6 (VIOLATED)
mprj/fanout750/X                         20     26     -6 (VIOLATED)
mprj/fanout773/X                         20     26     -6 (VIOLATED)
mprj/fanout813/X                         20     26     -6 (VIOLATED)
mprj/fanout821/X                         20     26     -6 (VIOLATED)
mprj/fanout822/X                         20     26     -6 (VIOLATED)
mprj/fanout830/X                         20     26     -6 (VIOLATED)
mprj/fanout849/X                         20     26     -6 (VIOLATED)
mprj/fanout853/X                         20     26     -6 (VIOLATED)
mprj/fanout857/X                         20     26     -6 (VIOLATED)
mprj/fanout871/X                         20     26     -6 (VIOLATED)
mprj/fanout882/X                         20     26     -6 (VIOLATED)
mprj/fanout891/X                         20     26     -6 (VIOLATED)
mprj/fanout934/X                         20     26     -6 (VIOLATED)
mprj/fanout938/X                         20     26     -6 (VIOLATED)
mprj/fanout943/X                         20     26     -6 (VIOLATED)
mprj/fanout983/X                         20     26     -6 (VIOLATED)
mprj/wire688/X                           20     26     -6 (VIOLATED)
mprj/_15810_/X                           20     24     -4 (VIOLATED)
mprj/_15869_/X                           20     24     -4 (VIOLATED)
mprj/_15882_/X                           20     24     -4 (VIOLATED)
mprj/_15909_/X                           20     24     -4 (VIOLATED)
mprj/_15973_/X                           20     24     -4 (VIOLATED)
mprj/_16597_/X                           20     24     -4 (VIOLATED)
mprj/_16617_/X                           20     24     -4 (VIOLATED)
mprj/_16677_/X                           20     24     -4 (VIOLATED)
mprj/_17238_/X                           20     24     -4 (VIOLATED)
mprj/_17313_/X                           20     24     -4 (VIOLATED)
mprj/_17919_/X                           20     24     -4 (VIOLATED)
mprj/_22313_/X                           20     24     -4 (VIOLATED)
mprj/_23285_/Y                           20     24     -4 (VIOLATED)
mprj/_23306_/Y                           20     24     -4 (VIOLATED)
mprj/_23369_/Y                           20     24     -4 (VIOLATED)
mprj/_24221_/Y                           20     24     -4 (VIOLATED)
mprj/_24340_/Y                           20     24     -4 (VIOLATED)
mprj/_25057_/Y                           20     24     -4 (VIOLATED)
mprj/_25061_/X                           20     24     -4 (VIOLATED)
mprj/_25096_/Y                           20     24     -4 (VIOLATED)
mprj/_25111_/Y                           20     24     -4 (VIOLATED)
mprj/_25120_/Y                           20     24     -4 (VIOLATED)
mprj/_25187_/X                           20     24     -4 (VIOLATED)
mprj/clkbuf_5_31__f_wb_clk_i/X           20     24     -4 (VIOLATED)
mprj/clkbuf_5_3__f_wb_clk_i/X            20     24     -4 (VIOLATED)
mprj/clkbuf_5_5__f_wb_clk_i/X            20     24     -4 (VIOLATED)
mprj/clkbuf_5_9__f_wb_clk_i/X            20     24     -4 (VIOLATED)
mprj/fanout1005/X                        20     24     -4 (VIOLATED)
mprj/fanout1012/X                        20     24     -4 (VIOLATED)
mprj/fanout1124/X                        20     24     -4 (VIOLATED)
mprj/fanout1125/X                        20     24     -4 (VIOLATED)
mprj/fanout1131/X                        20     24     -4 (VIOLATED)
mprj/fanout1140/X                        20     24     -4 (VIOLATED)
mprj/fanout1270/X                        20     24     -4 (VIOLATED)
mprj/fanout350/X                         20     24     -4 (VIOLATED)
mprj/fanout359/X                         20     24     -4 (VIOLATED)
mprj/fanout493/X                         20     24     -4 (VIOLATED)
mprj/fanout619/X                         20     24     -4 (VIOLATED)
mprj/fanout625/X                         20     24     -4 (VIOLATED)
mprj/fanout636/X                         20     24     -4 (VIOLATED)
mprj/fanout648/X                         20     24     -4 (VIOLATED)
mprj/fanout654/X                         20     24     -4 (VIOLATED)
mprj/fanout658/X                         20     24     -4 (VIOLATED)
mprj/fanout700/X                         20     24     -4 (VIOLATED)
mprj/fanout711/X                         20     24     -4 (VIOLATED)
mprj/fanout725/X                         20     24     -4 (VIOLATED)
mprj/fanout783/X                         20     24     -4 (VIOLATED)
mprj/fanout810/X                         20     24     -4 (VIOLATED)
mprj/fanout826/X                         20     24     -4 (VIOLATED)
mprj/fanout836/X                         20     24     -4 (VIOLATED)
mprj/fanout862/X                         20     24     -4 (VIOLATED)
mprj/fanout881/X                         20     24     -4 (VIOLATED)
mprj/fanout912/X                         20     24     -4 (VIOLATED)
mprj/fanout920/X                         20     24     -4 (VIOLATED)
mprj/fanout921/X                         20     24     -4 (VIOLATED)
mprj/fanout929/X                         20     24     -4 (VIOLATED)
mprj/fanout956/X                         20     24     -4 (VIOLATED)
mprj/fanout994/X                         20     24     -4 (VIOLATED)
mprj/hold278/X                           20     24     -4 (VIOLATED)
mprj/hold360/X                           20     24     -4 (VIOLATED)
mprj/hold370/X                           20     24     -4 (VIOLATED)
mprj/hold633/X                           20     24     -4 (VIOLATED)
mprj/hold646/X                           20     24     -4 (VIOLATED)
mprj/hold652/X                           20     24     -4 (VIOLATED)
mprj/hold656/X                           20     24     -4 (VIOLATED)
mprj/hold660/X                           20     24     -4 (VIOLATED)
mprj/max_length691/X                     20     24     -4 (VIOLATED)
mprj/wire685/X                           20     24     -4 (VIOLATED)
mprj/_15901_/X                           20     22     -2 (VIOLATED)
mprj/_15916_/X                           20     22     -2 (VIOLATED)
mprj/_15917_/X                           20     22     -2 (VIOLATED)
mprj/_16600_/X                           20     22     -2 (VIOLATED)
mprj/_16613_/X                           20     22     -2 (VIOLATED)
mprj/_16634_/X                           20     22     -2 (VIOLATED)
mprj/_16666_/X                           20     22     -2 (VIOLATED)
mprj/_16754_/X                           20     22     -2 (VIOLATED)
mprj/_17243_/X                           20     22     -2 (VIOLATED)
mprj/_17247_/X                           20     22     -2 (VIOLATED)
mprj/_17303_/X                           20     22     -2 (VIOLATED)
mprj/_17872_/Y                           20     22     -2 (VIOLATED)
mprj/_17913_/X                           20     22     -2 (VIOLATED)
mprj/_17983_/X                           20     22     -2 (VIOLATED)
mprj/_20179_/Y                           20     22     -2 (VIOLATED)
mprj/_20185_/X                           20     22     -2 (VIOLATED)
mprj/_20188_/Y                           20     22     -2 (VIOLATED)
mprj/_20207_/Y                           20     22     -2 (VIOLATED)
mprj/_20240_/Y                           20     22     -2 (VIOLATED)
mprj/_20243_/Y                           20     22     -2 (VIOLATED)
mprj/_22307_/Y                           20     22     -2 (VIOLATED)
mprj/_22364_/Y                           20     22     -2 (VIOLATED)
mprj/_22366_/X                           20     22     -2 (VIOLATED)
mprj/_22389_/Y                           20     22     -2 (VIOLATED)
mprj/_22396_/Y                           20     22     -2 (VIOLATED)
mprj/_23244_/Y                           20     22     -2 (VIOLATED)
mprj/_23252_/Y                           20     22     -2 (VIOLATED)
mprj/_23287_/Y                           20     22     -2 (VIOLATED)
mprj/_23298_/Y                           20     22     -2 (VIOLATED)
mprj/_23311_/Y                           20     22     -2 (VIOLATED)
mprj/_23348_/X                           20     22     -2 (VIOLATED)
mprj/_24249_/Y                           20     22     -2 (VIOLATED)
mprj/_24265_/X                           20     22     -2 (VIOLATED)
mprj/_24271_/Y                           20     22     -2 (VIOLATED)
mprj/_24275_/Y                           20     22     -2 (VIOLATED)
mprj/_24278_/X                           20     22     -2 (VIOLATED)
mprj/_24304_/X                           20     22     -2 (VIOLATED)
mprj/_24334_/X                           20     22     -2 (VIOLATED)
mprj/_25086_/X                           20     22     -2 (VIOLATED)
mprj/_25094_/Y                           20     22     -2 (VIOLATED)
mprj/_25152_/X                           20     22     -2 (VIOLATED)
mprj/_31075_/Q                           20     22     -2 (VIOLATED)
mprj/_31139_/Q                           20     22     -2 (VIOLATED)
mprj/clkbuf_5_13__f_wb_clk_i/X           20     22     -2 (VIOLATED)
mprj/clkbuf_5_1__f_wb_clk_i/X            20     22     -2 (VIOLATED)
mprj/clkbuf_5_21__f_wb_clk_i/X           20     22     -2 (VIOLATED)
mprj/fanout1018/X                        20     22     -2 (VIOLATED)
mprj/fanout1070/X                        20     22     -2 (VIOLATED)
mprj/fanout1076/X                        20     22     -2 (VIOLATED)
mprj/fanout1082/X                        20     22     -2 (VIOLATED)
mprj/fanout1107/X                        20     22     -2 (VIOLATED)
mprj/fanout1177/X                        20     22     -2 (VIOLATED)
mprj/fanout1191/X                        20     22     -2 (VIOLATED)
mprj/fanout1198/X                        20     22     -2 (VIOLATED)
mprj/fanout1310/X                        20     22     -2 (VIOLATED)
mprj/fanout1311/X                        20     22     -2 (VIOLATED)
mprj/fanout1327/X                        20     22     -2 (VIOLATED)
mprj/fanout168/X                         20     22     -2 (VIOLATED)
mprj/fanout347/X                         20     22     -2 (VIOLATED)
mprj/fanout402/X                         20     22     -2 (VIOLATED)
mprj/fanout405/X                         20     22     -2 (VIOLATED)
mprj/fanout440/X                         20     22     -2 (VIOLATED)
mprj/fanout462/X                         20     22     -2 (VIOLATED)
mprj/fanout504/X                         20     22     -2 (VIOLATED)
mprj/fanout535/X                         20     22     -2 (VIOLATED)
mprj/fanout569/X                         20     22     -2 (VIOLATED)
mprj/fanout584/X                         20     22     -2 (VIOLATED)
mprj/fanout585/X                         20     22     -2 (VIOLATED)
mprj/fanout621/X                         20     22     -2 (VIOLATED)
mprj/fanout623/X                         20     22     -2 (VIOLATED)
mprj/fanout649/X                         20     22     -2 (VIOLATED)
mprj/fanout708/X                         20     22     -2 (VIOLATED)
mprj/fanout777/X                         20     22     -2 (VIOLATED)
mprj/fanout780/X                         20     22     -2 (VIOLATED)
mprj/fanout872/X                         20     22     -2 (VIOLATED)
mprj/fanout892/X                         20     22     -2 (VIOLATED)
mprj/fanout911/X                         20     22     -2 (VIOLATED)
mprj/fanout978/X                         20     22     -2 (VIOLATED)
mprj/hold105/X                           20     22     -2 (VIOLATED)
mprj/hold121/X                           20     22     -2 (VIOLATED)
mprj/hold138/X                           20     22     -2 (VIOLATED)
mprj/hold152/X                           20     22     -2 (VIOLATED)
mprj/hold157/X                           20     22     -2 (VIOLATED)
mprj/hold169/X                           20     22     -2 (VIOLATED)
mprj/hold177/X                           20     22     -2 (VIOLATED)
mprj/hold19/X                            20     22     -2 (VIOLATED)
mprj/hold192/X                           20     22     -2 (VIOLATED)
mprj/hold208/X                           20     22     -2 (VIOLATED)
mprj/hold224/X                           20     22     -2 (VIOLATED)
mprj/hold298/X                           20     22     -2 (VIOLATED)
mprj/hold320/X                           20     22     -2 (VIOLATED)
mprj/hold325/X                           20     22     -2 (VIOLATED)
mprj/hold343/X                           20     22     -2 (VIOLATED)
mprj/hold402/X                           20     22     -2 (VIOLATED)
mprj/hold422/X                           20     22     -2 (VIOLATED)
mprj/hold430/X                           20     22     -2 (VIOLATED)
mprj/hold464/X                           20     22     -2 (VIOLATED)
mprj/hold517/X                           20     22     -2 (VIOLATED)
mprj/hold539/X                           20     22     -2 (VIOLATED)
mprj/hold569/X                           20     22     -2 (VIOLATED)



===========================================================================
report_parasitic_annotation -report_unannotated
============================================================================
Found 324 unannotated drivers.
 analog_io[0]
 analog_io[10]
 analog_io[11]
 analog_io[12]
 analog_io[13]
 analog_io[14]
 analog_io[15]
 analog_io[16]
 analog_io[17]
 analog_io[18]
 analog_io[19]
 analog_io[1]
 analog_io[20]
 analog_io[21]
 analog_io[22]
 analog_io[23]
 analog_io[24]
 analog_io[25]
 analog_io[26]
 analog_io[27]
 analog_io[28]
 analog_io[2]
 analog_io[3]
 analog_io[4]
 analog_io[5]
 analog_io[6]
 analog_io[7]
 analog_io[8]
 analog_io[9]
 io_in[0]
 io_in[10]
 io_in[11]
 io_in[12]
 io_in[13]
 io_in[14]
 io_in[15]
 io_in[16]
 io_in[17]
 io_in[18]
 io_in[19]
 io_in[1]
 io_in[20]
 io_in[21]
 io_in[22]
 io_in[23]
 io_in[24]
 io_in[25]
 io_in[26]
 io_in[27]
 io_in[28]
 io_in[29]
 io_in[2]
 io_in[30]
 io_in[31]
 io_in[32]
 io_in[33]
 io_in[34]
 io_in[35]
 io_in[36]
 io_in[37]
 io_in[3]
 io_in[4]
 io_in[5]
 io_in[6]
 io_in[7]
 io_in[8]
 io_in[9]
 la_data_in[0]
 la_data_in[100]
 la_data_in[101]
 la_data_in[102]
 la_data_in[103]
 la_data_in[104]
 la_data_in[105]
 la_data_in[106]
 la_data_in[107]
 la_data_in[108]
 la_data_in[109]
 la_data_in[10]
 la_data_in[110]
 la_data_in[111]
 la_data_in[112]
 la_data_in[113]
 la_data_in[114]
 la_data_in[115]
 la_data_in[116]
 la_data_in[117]
 la_data_in[118]
 la_data_in[119]
 la_data_in[11]
 la_data_in[120]
 la_data_in[121]
 la_data_in[122]
 la_data_in[123]
 la_data_in[124]
 la_data_in[125]
 la_data_in[126]
 la_data_in[127]
 la_data_in[12]
 la_data_in[13]
 la_data_in[14]
 la_data_in[15]
 la_data_in[16]
 la_data_in[17]
 la_data_in[18]
 la_data_in[19]
 la_data_in[1]
 la_data_in[20]
 la_data_in[21]
 la_data_in[22]
 la_data_in[23]
 la_data_in[24]
 la_data_in[25]
 la_data_in[26]
 la_data_in[27]
 la_data_in[28]
 la_data_in[29]
 la_data_in[2]
 la_data_in[30]
 la_data_in[31]
 la_data_in[32]
 la_data_in[33]
 la_data_in[34]
 la_data_in[35]
 la_data_in[36]
 la_data_in[37]
 la_data_in[38]
 la_data_in[39]
 la_data_in[3]
 la_data_in[40]
 la_data_in[41]
 la_data_in[42]
 la_data_in[43]
 la_data_in[44]
 la_data_in[45]
 la_data_in[46]
 la_data_in[47]
 la_data_in[48]
 la_data_in[49]
 la_data_in[4]
 la_data_in[50]
 la_data_in[51]
 la_data_in[52]
 la_data_in[53]
 la_data_in[54]
 la_data_in[55]
 la_data_in[56]
 la_data_in[57]
 la_data_in[58]
 la_data_in[59]
 la_data_in[5]
 la_data_in[60]
 la_data_in[61]
 la_data_in[62]
 la_data_in[63]
 la_data_in[64]
 la_data_in[65]
 la_data_in[66]
 la_data_in[67]
 la_data_in[68]
 la_data_in[69]
 la_data_in[6]
 la_data_in[70]
 la_data_in[71]
 la_data_in[72]
 la_data_in[73]
 la_data_in[74]
 la_data_in[75]
 la_data_in[76]
 la_data_in[77]
 la_data_in[78]
 la_data_in[79]
 la_data_in[7]
 la_data_in[80]
 la_data_in[81]
 la_data_in[82]
 la_data_in[83]
 la_data_in[84]
 la_data_in[85]
 la_data_in[86]
 la_data_in[87]
 la_data_in[88]
 la_data_in[89]
 la_data_in[8]
 la_data_in[90]
 la_data_in[91]
 la_data_in[92]
 la_data_in[93]
 la_data_in[94]
 la_data_in[95]
 la_data_in[96]
 la_data_in[97]
 la_data_in[98]
 la_data_in[99]
 la_data_in[9]
 la_oenb[0]
 la_oenb[100]
 la_oenb[101]
 la_oenb[102]
 la_oenb[103]
 la_oenb[104]
 la_oenb[105]
 la_oenb[106]
 la_oenb[107]
 la_oenb[108]
 la_oenb[109]
 la_oenb[10]
 la_oenb[110]
 la_oenb[111]
 la_oenb[112]
 la_oenb[113]
 la_oenb[114]
 la_oenb[115]
 la_oenb[116]
 la_oenb[117]
 la_oenb[118]
 la_oenb[119]
 la_oenb[11]
 la_oenb[120]
 la_oenb[121]
 la_oenb[122]
 la_oenb[123]
 la_oenb[124]
 la_oenb[125]
 la_oenb[126]
 la_oenb[127]
 la_oenb[12]
 la_oenb[13]
 la_oenb[14]
 la_oenb[15]
 la_oenb[16]
 la_oenb[17]
 la_oenb[18]
 la_oenb[19]
 la_oenb[1]
 la_oenb[20]
 la_oenb[21]
 la_oenb[22]
 la_oenb[23]
 la_oenb[24]
 la_oenb[25]
 la_oenb[26]
 la_oenb[27]
 la_oenb[28]
 la_oenb[29]
 la_oenb[2]
 la_oenb[30]
 la_oenb[31]
 la_oenb[32]
 la_oenb[33]
 la_oenb[34]
 la_oenb[35]
 la_oenb[36]
 la_oenb[37]
 la_oenb[38]
 la_oenb[39]
 la_oenb[3]
 la_oenb[40]
 la_oenb[41]
 la_oenb[42]
 la_oenb[43]
 la_oenb[44]
 la_oenb[45]
 la_oenb[46]
 la_oenb[47]
 la_oenb[48]
 la_oenb[49]
 la_oenb[4]
 la_oenb[50]
 la_oenb[51]
 la_oenb[52]
 la_oenb[53]
 la_oenb[54]
 la_oenb[55]
 la_oenb[56]
 la_oenb[57]
 la_oenb[58]
 la_oenb[59]
 la_oenb[5]
 la_oenb[60]
 la_oenb[61]
 la_oenb[62]
 la_oenb[63]
 la_oenb[64]
 la_oenb[65]
 la_oenb[66]
 la_oenb[67]
 la_oenb[68]
 la_oenb[69]
 la_oenb[6]
 la_oenb[70]
 la_oenb[71]
 la_oenb[72]
 la_oenb[73]
 la_oenb[74]
 la_oenb[75]
 la_oenb[76]
 la_oenb[77]
 la_oenb[78]
 la_oenb[79]
 la_oenb[7]
 la_oenb[80]
 la_oenb[81]
 la_oenb[82]
 la_oenb[83]
 la_oenb[84]
 la_oenb[85]
 la_oenb[86]
 la_oenb[87]
 la_oenb[88]
 la_oenb[89]
 la_oenb[8]
 la_oenb[90]
 la_oenb[91]
 la_oenb[92]
 la_oenb[93]
 la_oenb[94]
 la_oenb[95]
 la_oenb[96]
 la_oenb[97]
 la_oenb[98]
 la_oenb[99]
 la_oenb[9]
 user_clock2
Found 0 partially unannotated drivers.

===========================================================================
max slew violation count 0
max fanout violation count 987
max cap violation count 0
============================================================================

===========================================================================
check_setup -verbose -unconstrained_endpoints -multiple_clock -no_clock -no_input_delay -loops -generated_clocks
===========================================================================
Warning: There are 70 input ports missing set_input_delay.
  analog_io[0]
  analog_io[10]
  analog_io[11]
  analog_io[12]
  analog_io[13]
  analog_io[14]
  analog_io[15]
  analog_io[16]
  analog_io[17]
  analog_io[18]
  analog_io[19]
  analog_io[1]
  analog_io[20]
  analog_io[21]
  analog_io[22]
  analog_io[23]
  analog_io[24]
  analog_io[25]
  analog_io[26]
  analog_io[27]
  analog_io[28]
  analog_io[2]
  analog_io[3]
  analog_io[4]
  analog_io[5]
  analog_io[6]
  analog_io[7]
  analog_io[8]
  analog_io[9]
  io_in[0]
  io_in[10]
  io_in[11]
  io_in[12]
  io_in[13]
  io_in[14]
  io_in[15]
  io_in[16]
  io_in[17]
  io_in[18]
  io_in[19]
  io_in[1]
  io_in[20]
  io_in[21]
  io_in[22]
  io_in[23]
  io_in[24]
  io_in[25]
  io_in[26]
  io_in[27]
  io_in[28]
  io_in[29]
  io_in[2]
  io_in[30]
  io_in[31]
  io_in[32]
  io_in[33]
  io_in[34]
  io_in[35]
  io_in[36]
  io_in[37]
  io_in[3]
  io_in[4]
  io_in[5]
  io_in[6]
  io_in[7]
  io_in[8]
  io_in[9]
  user_clock2
  wbs_adr_i[0]
  wbs_adr_i[1]
Warning: There are 236 unconstrained endpoints.
  analog_io[0]
  analog_io[10]
  analog_io[11]
  analog_io[12]
  analog_io[13]
  analog_io[14]
  analog_io[15]
  analog_io[16]
  analog_io[17]
  analog_io[18]
  analog_io[19]
  analog_io[1]
  analog_io[20]
  analog_io[21]
  analog_io[22]
  analog_io[23]
  analog_io[24]
  analog_io[25]
  analog_io[26]
  analog_io[27]
  analog_io[28]
  analog_io[2]
  analog_io[3]
  analog_io[4]
  analog_io[5]
  analog_io[6]
  analog_io[7]
  analog_io[8]
  analog_io[9]
  io_oeb[0]
  io_oeb[10]
  io_oeb[11]
  io_oeb[12]
  io_oeb[13]
  io_oeb[14]
  io_oeb[15]
  io_oeb[16]
  io_oeb[17]
  io_oeb[18]
  io_oeb[19]
  io_oeb[1]
  io_oeb[20]
  io_oeb[21]
  io_oeb[22]
  io_oeb[23]
  io_oeb[24]
  io_oeb[25]
  io_oeb[26]
  io_oeb[27]
  io_oeb[28]
  io_oeb[29]
  io_oeb[2]
  io_oeb[30]
  io_oeb[31]
  io_oeb[32]
  io_oeb[33]
  io_oeb[34]
  io_oeb[35]
  io_oeb[36]
  io_oeb[37]
  io_oeb[3]
  io_oeb[4]
  io_oeb[5]
  io_oeb[6]
  io_oeb[7]
  io_oeb[8]
  io_oeb[9]
  io_out[0]
  io_out[10]
  io_out[11]
  io_out[12]
  io_out[13]
  io_out[14]
  io_out[15]
  io_out[16]
  io_out[17]
  io_out[18]
  io_out[19]
  io_out[1]
  io_out[20]
  io_out[21]
  io_out[22]
  io_out[23]
  io_out[24]
  io_out[25]
  io_out[26]
  io_out[27]
  io_out[28]
  io_out[29]
  io_out[2]
  io_out[30]
  io_out[31]
  io_out[32]
  io_out[33]
  io_out[34]
  io_out[35]
  io_out[36]
  io_out[37]
  io_out[3]
  io_out[4]
  io_out[5]
  io_out[6]
  io_out[7]
  io_out[8]
  io_out[9]
  la_data_out[0]
  la_data_out[100]
  la_data_out[101]
  la_data_out[102]
  la_data_out[103]
  la_data_out[104]
  la_data_out[105]
  la_data_out[106]
  la_data_out[107]
  la_data_out[108]
  la_data_out[109]
  la_data_out[10]
  la_data_out[110]
  la_data_out[111]
  la_data_out[112]
  la_data_out[113]
  la_data_out[114]
  la_data_out[115]
  la_data_out[116]
  la_data_out[117]
  la_data_out[118]
  la_data_out[119]
  la_data_out[11]
  la_data_out[120]
  la_data_out[121]
  la_data_out[122]
  la_data_out[123]
  la_data_out[124]
  la_data_out[125]
  la_data_out[126]
  la_data_out[127]
  la_data_out[12]
  la_data_out[13]
  la_data_out[14]
  la_data_out[15]
  la_data_out[16]
  la_data_out[17]
  la_data_out[18]
  la_data_out[19]
  la_data_out[1]
  la_data_out[20]
  la_data_out[21]
  la_data_out[22]
  la_data_out[23]
  la_data_out[24]
  la_data_out[25]
  la_data_out[26]
  la_data_out[27]
  la_data_out[28]
  la_data_out[29]
  la_data_out[2]
  la_data_out[30]
  la_data_out[31]
  la_data_out[32]
  la_data_out[33]
  la_data_out[34]
  la_data_out[35]
  la_data_out[36]
  la_data_out[37]
  la_data_out[38]
  la_data_out[39]
  la_data_out[3]
  la_data_out[40]
  la_data_out[41]
  la_data_out[42]
  la_data_out[43]
  la_data_out[44]
  la_data_out[45]
  la_data_out[46]
  la_data_out[47]
  la_data_out[48]
  la_data_out[49]
  la_data_out[4]
  la_data_out[50]
  la_data_out[51]
  la_data_out[52]
  la_data_out[53]
  la_data_out[54]
  la_data_out[55]
  la_data_out[56]
  la_data_out[57]
  la_data_out[58]
  la_data_out[59]
  la_data_out[5]
  la_data_out[60]
  la_data_out[61]
  la_data_out[62]
  la_data_out[63]
  la_data_out[64]
  la_data_out[65]
  la_data_out[66]
  la_data_out[67]
  la_data_out[68]
  la_data_out[69]
  la_data_out[6]
  la_data_out[70]
  la_data_out[71]
  la_data_out[72]
  la_data_out[73]
  la_data_out[74]
  la_data_out[75]
  la_data_out[76]
  la_data_out[77]
  la_data_out[78]
  la_data_out[79]
  la_data_out[7]
  la_data_out[80]
  la_data_out[81]
  la_data_out[82]
  la_data_out[83]
  la_data_out[84]
  la_data_out[85]
  la_data_out[86]
  la_data_out[87]
  la_data_out[88]
  la_data_out[89]
  la_data_out[8]
  la_data_out[90]
  la_data_out[91]
  la_data_out[92]
  la_data_out[93]
  la_data_out[94]
  la_data_out[95]
  la_data_out[96]
  la_data_out[97]
  la_data_out[98]
  la_data_out[99]
  la_data_out[9]
  user_irq[0]
  user_irq[1]
  user_irq[2]
